<?xml version="1.0" encoding="UTF-8"?>
<testsuite xmlns:xsi="http://www.w3.org/2001/XMLSchema-instance" xsi:noNamespaceSchemaLocation="https://maven.apache.org/surefire/maven-surefire-plugin/xsd/surefire-test-report-3.0.xsd" version="3.0" name="com.campus.mall.PaymentControllerIntegrationTest" time="0.072" tests="4" errors="0" skipped="0" failures="0">
  <properties>
[...]
</properties>
  <testcase name="testGetById_Success" classname="com.campus.mall.PaymentControllerIntegrationTest" time="0.055"/>
  <testcase name="testCallback_Success" classname="com.campus.mall.PaymentControllerIntegrationTest" time="0.002"/>
  <testcase name="testMockPay_Success" classname="com.campus.mall.PaymentControllerIntegrationTest" time="0.002"/>
  <testcase name="testCreate_Success" classname="com.campus.mall.PaymentControllerIntegrationTest" time="0.001"/>
</testsuite>